C:\USERS\CLAUDIO\DOCUMENTS\GITHUB\LAIG\BUILDTEMP\CGFEXAMPLE\ANFPARSER.OBJ
C:\USERS\CLAUDIO\DOCUMENTS\GITHUB\LAIG\BUILDTEMP\CGFEXAMPLE\ANFSCENE.OBJ
C:\USERS\CLAUDIO\DOCUMENTS\GITHUB\LAIG\BUILDTEMP\CGFEXAMPLE\DEMOSCENE.OBJ
C:\USERS\CLAUDIO\DOCUMENTS\GITHUB\LAIG\BUILDTEMP\CGFEXAMPLE\EXAMPLEOBJECT.OBJ
C:\USERS\CLAUDIO\DOCUMENTS\GITHUB\LAIG\BUILDTEMP\CGFEXAMPLE\MAIN.OBJ
C:\USERS\CLAUDIO\DOCUMENTS\GITHUB\LAIG\BUILDTEMP\CGFEXAMPLE\MYLIGHT.OBJ
C:\USERS\CLAUDIO\DOCUMENTS\GITHUB\LAIG\BUILDTEMP\CGFEXAMPLE\MYTEXTURE.OBJ
C:\USERS\CLAUDIO\DOCUMENTS\GITHUB\LAIG\BUILDTEMP\CGFEXAMPLE\ORTHOCAMERA.OBJ
C:\USERS\CLAUDIO\DOCUMENTS\GITHUB\LAIG\BUILDTEMP\CGFEXAMPLE\PERSPECTIVE.OBJ
C:\USERS\CLAUDIO\DOCUMENTS\GITHUB\LAIG\BUILDTEMP\CGFEXAMPLE\PRIMITIVES.OBJ
C:\USERS\CLAUDIO\DOCUMENTS\GITHUB\LAIG\BUILDTEMP\CGFEXAMPLE\SCENEGRAPH.OBJ
C:\USERS\CLAUDIO\DOCUMENTS\GITHUB\LAIG\BUILDTEMP\CGFEXAMPLE\TINYSTR.OBJ
C:\USERS\CLAUDIO\DOCUMENTS\GITHUB\LAIG\BUILDTEMP\CGFEXAMPLE\TINYXML.OBJ
C:\USERS\CLAUDIO\DOCUMENTS\GITHUB\LAIG\BUILDTEMP\CGFEXAMPLE\TINYXMLERROR.OBJ
C:\USERS\CLAUDIO\DOCUMENTS\GITHUB\LAIG\BUILDTEMP\CGFEXAMPLE\TINYXMLPARSER.OBJ
C:\USERS\CLAUDIO\DOCUMENTS\GITHUB\LAIG\BUILDTEMP\CGFEXAMPLE\XMLSCENE.OBJ
C:\USERS\CLAUDIO\DOCUMENTS\GITHUB\LAIG\BUILDTEMP\CGFEXAMPLE\VC110.PDB
C:\Users\Claudio\Documents\GitHub\LAIG\buildtemp\CGFexample\ANFParser.obj
C:\Users\Claudio\Documents\GitHub\LAIG\buildtemp\CGFexample\ANFScene.obj
C:\Users\Claudio\Documents\GitHub\LAIG\buildtemp\CGFexample\DemoScene.obj
C:\Users\Claudio\Documents\GitHub\LAIG\buildtemp\CGFexample\ExampleObject.obj
C:\Users\Claudio\Documents\GitHub\LAIG\buildtemp\CGFexample\main.obj
C:\Users\Claudio\Documents\GitHub\LAIG\buildtemp\CGFexample\myLight.obj
C:\Users\Claudio\Documents\GitHub\LAIG\buildtemp\CGFexample\myTexture.obj
C:\Users\Claudio\Documents\GitHub\LAIG\buildtemp\CGFexample\Orthocamera.obj
C:\Users\Claudio\Documents\GitHub\LAIG\buildtemp\CGFexample\Perspective.obj
C:\Users\Claudio\Documents\GitHub\LAIG\buildtemp\CGFexample\primitives.obj
C:\Users\Claudio\Documents\GitHub\LAIG\buildtemp\CGFexample\SceneGraph.obj
C:\Users\Claudio\Documents\GitHub\LAIG\buildtemp\CGFexample\tinystr.obj
C:\Users\Claudio\Documents\GitHub\LAIG\buildtemp\CGFexample\tinyxml.obj
C:\Users\Claudio\Documents\GitHub\LAIG\buildtemp\CGFexample\tinyxmlerror.obj
C:\Users\Claudio\Documents\GitHub\LAIG\buildtemp\CGFexample\tinyxmlparser.obj
C:\Users\Claudio\Documents\GitHub\LAIG\buildtemp\CGFexample\XMLScene.obj
C:\Users\Claudio\Documents\GitHub\LAIG\buildtemp\CGFexample\cl.command.1.tlog
C:\Users\Claudio\Documents\GitHub\LAIG\buildtemp\CGFexample\CL.read.1.tlog
C:\Users\Claudio\Documents\GitHub\LAIG\buildtemp\CGFexample\CL.write.1.tlog
C:\Users\Claudio\Documents\GitHub\LAIG\buildtemp\CGFexample\link-cvtres.read.1.tlog
C:\Users\Claudio\Documents\GitHub\LAIG\buildtemp\CGFexample\link-cvtres.write.1.tlog
C:\Users\Claudio\Documents\GitHub\LAIG\buildtemp\CGFexample\link-rc.read.1.tlog
C:\Users\Claudio\Documents\GitHub\LAIG\buildtemp\CGFexample\link-rc.write.1.tlog
C:\Users\Claudio\Documents\GitHub\LAIG\buildtemp\CGFexample\link.command.1.tlog
C:\Users\Claudio\Documents\GitHub\LAIG\buildtemp\CGFexample\link.read.1.tlog
C:\Users\Claudio\Documents\GitHub\LAIG\buildtemp\CGFexample\link.write.1.tlog
C:\Users\Claudio\Documents\GitHub\LAIG\buildtemp\CGFexample\vc110.idb
C:\Users\Claudio\Documents\GitHub\LAIG\buildtemp\CGFexample\vc110.pdb
